Mensaje I / 00:00:00:000 / Root(00) para top(01)
Mensaje I / 00:00:00:000 / top(01) para hospital(02)
Mensaje I / 00:00:00:000 / top(01) para laundromat(03)
Mensaje D / 00:00:00:000 / hospital(02) / ... para top(01)
Mensaje I / 00:00:00:000 / laundromat(03) para laundrycleaning(04)
Mensaje I / 00:00:00:000 / laundromat(03) para laundryshipping(05)
Mensaje D / 00:00:00:000 / laundrycleaning(04) / ... para laundromat(03)
Mensaje D / 00:00:00:000 / laundryshipping(05) / 08:00:00:000 para laundromat(03)
Mensaje D / 00:00:00:000 / laundromat(03) / 08:00:00:000 para top(01)
Mensaje D / 00:00:00:000 / top(01) / 08:00:00:000 para Root(00)
Mensaje * / 08:00:00:000 / Root(00) para top(01)
Mensaje * / 08:00:00:000 / top(01) para laundromat(03)
Mensaje * / 08:00:00:000 / laundromat(03) para laundryshipping(05)
Mensaje Y / 08:00:00:000 / laundryshipping(05) / shipped /    500.00000 para laundromat(03)
Mensaje D / 08:00:00:000 / laundryshipping(05) / 24:00:00:000 para laundromat(03)
Mensaje Y / 08:00:00:000 / laundromat(03) / shipped /    500.00000 para top(01)
Mensaje D / 08:00:00:000 / laundromat(03) / 24:00:00:000 para top(01)
Mensaje Y / 08:00:00:000 / top(01) / shipped /    500.00000 para Root(00)
Mensaje X / 08:00:00:000 / top(01) / clean /    500.00000 para hospital(02)
Mensaje D / 08:00:00:000 / hospital(02) / 00:10:00:000 para top(01)
Mensaje D / 08:00:00:000 / top(01) / 00:10:00:000 para Root(00)
Mensaje * / 08:10:00:000 / Root(00) para top(01)
Mensaje * / 08:10:00:000 / top(01) para hospital(02)
Mensaje D / 08:10:00:000 / hospital(02) / 07:50:00:000 para top(01)
Mensaje D / 08:10:00:000 / top(01) / 07:50:00:000 para Root(00)
Mensaje * / 16:00:00:000 / Root(00) para top(01)
Mensaje * / 16:00:00:000 / top(01) para hospital(02)
Mensaje Y / 16:00:00:000 / hospital(02) / dirty /    497.00000 para top(01)
Mensaje D / 16:00:00:000 / hospital(02) / 16:10:00:000 para top(01)
Mensaje Y / 16:00:00:000 / top(01) / dirty /    497.00000 para Root(00)
Mensaje X / 16:00:00:000 / top(01) / dirty /    497.00000 para laundromat(03)
Mensaje X / 16:00:00:000 / laundromat(03) / dirty /    497.00000 para laundrycleaning(04)
Mensaje D / 16:00:00:000 / laundrycleaning(04) / 01:00:00:000 para laundromat(03)
Mensaje D / 16:00:00:000 / laundromat(03) / 01:00:00:000 para top(01)
Mensaje D / 16:00:00:000 / top(01) / 01:00:00:000 para Root(00)
Mensaje * / 17:00:00:000 / Root(00) para top(01)
Mensaje * / 17:00:00:000 / top(01) para laundromat(03)
Mensaje * / 17:00:00:000 / laundromat(03) para laundrycleaning(04)
Mensaje Y / 17:00:00:000 / laundrycleaning(04) / clean /    497.00000 para laundromat(03)
Mensaje D / 17:00:00:000 / laundrycleaning(04) / ... para laundromat(03)
Mensaje X / 17:00:00:000 / laundromat(03) / clean /    497.00000 para laundryshipping(05)
Mensaje D / 17:00:00:000 / laundryshipping(05) / 15:00:00:000 para laundromat(03)
Mensaje D / 17:00:00:000 / laundromat(03) / 15:00:00:000 para top(01)
Mensaje D / 17:00:00:000 / top(01) / 15:00:00:000 para Root(00)
Mensaje * / 32:00:00:000 / Root(00) para top(01)
Mensaje * / 32:00:00:000 / top(01) para laundromat(03)
Mensaje * / 32:00:00:000 / laundromat(03) para laundryshipping(05)
Mensaje Y / 32:00:00:000 / laundryshipping(05) / shipped /    500.00000 para laundromat(03)
Mensaje D / 32:00:00:000 / laundryshipping(05) / 24:00:00:000 para laundromat(03)
Mensaje Y / 32:00:00:000 / laundromat(03) / shipped /    500.00000 para top(01)
Mensaje D / 32:00:00:000 / laundromat(03) / 24:00:00:000 para top(01)
Mensaje Y / 32:00:00:000 / top(01) / shipped /    500.00000 para Root(00)
Mensaje X / 32:00:00:000 / top(01) / clean /    500.00000 para hospital(02)
Mensaje D / 32:00:00:000 / hospital(02) / 00:10:00:000 para top(01)
Mensaje D / 32:00:00:000 / top(01) / 00:10:00:000 para Root(00)
Mensaje * / 32:10:00:000 / Root(00) para top(01)
Mensaje * / 32:10:00:000 / top(01) para hospital(02)
Mensaje D / 32:10:00:000 / hospital(02) / 07:50:00:000 para top(01)
Mensaje D / 32:10:00:000 / top(01) / 07:50:00:000 para Root(00)
Mensaje * / 40:00:00:000 / Root(00) para top(01)
Mensaje * / 40:00:00:000 / top(01) para hospital(02)
Mensaje Y / 40:00:00:000 / hospital(02) / dirty /    259.00000 para top(01)
Mensaje D / 40:00:00:000 / hospital(02) / 16:10:00:000 para top(01)
Mensaje Y / 40:00:00:000 / top(01) / dirty /    259.00000 para Root(00)
Mensaje X / 40:00:00:000 / top(01) / dirty /    259.00000 para laundromat(03)
Mensaje X / 40:00:00:000 / laundromat(03) / dirty /    259.00000 para laundrycleaning(04)
Mensaje D / 40:00:00:000 / laundrycleaning(04) / 01:00:00:000 para laundromat(03)
Mensaje D / 40:00:00:000 / laundromat(03) / 01:00:00:000 para top(01)
Mensaje D / 40:00:00:000 / top(01) / 01:00:00:000 para Root(00)
Mensaje * / 41:00:00:000 / Root(00) para top(01)
Mensaje * / 41:00:00:000 / top(01) para laundromat(03)
Mensaje * / 41:00:00:000 / laundromat(03) para laundrycleaning(04)
Mensaje Y / 41:00:00:000 / laundrycleaning(04) / clean /    259.00000 para laundromat(03)
Mensaje D / 41:00:00:000 / laundrycleaning(04) / ... para laundromat(03)
Mensaje X / 41:00:00:000 / laundromat(03) / clean /    259.00000 para laundryshipping(05)
Mensaje D / 41:00:00:000 / laundryshipping(05) / 15:00:00:000 para laundromat(03)
Mensaje D / 41:00:00:000 / laundromat(03) / 15:00:00:000 para top(01)
Mensaje D / 41:00:00:000 / top(01) / 15:00:00:000 para Root(00)
Mensaje * / 56:00:00:000 / Root(00) para top(01)
Mensaje * / 56:00:00:000 / top(01) para laundromat(03)
Mensaje * / 56:00:00:000 / laundromat(03) para laundryshipping(05)
Mensaje Y / 56:00:00:000 / laundryshipping(05) / shipped /    500.00000 para laundromat(03)
Mensaje D / 56:00:00:000 / laundryshipping(05) / 24:00:00:000 para laundromat(03)
Mensaje Y / 56:00:00:000 / laundromat(03) / shipped /    500.00000 para top(01)
Mensaje D / 56:00:00:000 / laundromat(03) / 24:00:00:000 para top(01)
Mensaje Y / 56:00:00:000 / top(01) / shipped /    500.00000 para Root(00)
Mensaje X / 56:00:00:000 / top(01) / clean /    500.00000 para hospital(02)
Mensaje D / 56:00:00:000 / hospital(02) / 00:10:00:000 para top(01)
Mensaje D / 56:00:00:000 / top(01) / 00:10:00:000 para Root(00)
Mensaje * / 56:10:00:000 / Root(00) para top(01)
Mensaje * / 56:10:00:000 / top(01) para hospital(02)
Mensaje D / 56:10:00:000 / hospital(02) / 07:50:00:000 para top(01)
Mensaje D / 56:10:00:000 / top(01) / 07:50:00:000 para Root(00)
Mensaje * / 64:00:00:000 / Root(00) para top(01)
Mensaje * / 64:00:00:000 / top(01) para hospital(02)
Mensaje Y / 64:00:00:000 / hospital(02) / dirty /    291.00000 para top(01)
Mensaje D / 64:00:00:000 / hospital(02) / 16:10:00:000 para top(01)
Mensaje Y / 64:00:00:000 / top(01) / dirty /    291.00000 para Root(00)
Mensaje X / 64:00:00:000 / top(01) / dirty /    291.00000 para laundromat(03)
Mensaje X / 64:00:00:000 / laundromat(03) / dirty /    291.00000 para laundrycleaning(04)
Mensaje D / 64:00:00:000 / laundrycleaning(04) / 01:00:00:000 para laundromat(03)
Mensaje D / 64:00:00:000 / laundromat(03) / 01:00:00:000 para top(01)
Mensaje D / 64:00:00:000 / top(01) / 01:00:00:000 para Root(00)
Mensaje * / 65:00:00:000 / Root(00) para top(01)
Mensaje * / 65:00:00:000 / top(01) para laundromat(03)
Mensaje * / 65:00:00:000 / laundromat(03) para laundrycleaning(04)
Mensaje Y / 65:00:00:000 / laundrycleaning(04) / clean /    291.00000 para laundromat(03)
Mensaje D / 65:00:00:000 / laundrycleaning(04) / ... para laundromat(03)
Mensaje X / 65:00:00:000 / laundromat(03) / clean /    291.00000 para laundryshipping(05)
Mensaje D / 65:00:00:000 / laundryshipping(05) / 15:00:00:000 para laundromat(03)
Mensaje D / 65:00:00:000 / laundromat(03) / 15:00:00:000 para top(01)
Mensaje D / 65:00:00:000 / top(01) / 15:00:00:000 para Root(00)
Mensaje * / 80:00:00:000 / Root(00) para top(01)
Mensaje * / 80:00:00:000 / top(01) para laundromat(03)
Mensaje * / 80:00:00:000 / laundromat(03) para laundryshipping(05)
Mensaje Y / 80:00:00:000 / laundryshipping(05) / shipped /    500.00000 para laundromat(03)
Mensaje D / 80:00:00:000 / laundryshipping(05) / 24:00:00:000 para laundromat(03)
Mensaje Y / 80:00:00:000 / laundromat(03) / shipped /    500.00000 para top(01)
Mensaje D / 80:00:00:000 / laundromat(03) / 24:00:00:000 para top(01)
Mensaje Y / 80:00:00:000 / top(01) / shipped /    500.00000 para Root(00)
Mensaje X / 80:00:00:000 / top(01) / clean /    500.00000 para hospital(02)
Mensaje D / 80:00:00:000 / hospital(02) / 00:10:00:000 para top(01)
Mensaje D / 80:00:00:000 / top(01) / 00:10:00:000 para Root(00)
Mensaje * / 80:10:00:000 / Root(00) para top(01)
Mensaje * / 80:10:00:000 / top(01) para hospital(02)
Mensaje D / 80:10:00:000 / hospital(02) / 07:50:00:000 para top(01)
Mensaje D / 80:10:00:000 / top(01) / 07:50:00:000 para Root(00)
Mensaje * / 88:00:00:000 / Root(00) para top(01)
Mensaje * / 88:00:00:000 / top(01) para hospital(02)
Mensaje Y / 88:00:00:000 / hospital(02) / dirty /    507.00000 para top(01)
Mensaje D / 88:00:00:000 / hospital(02) / 16:10:00:000 para top(01)
Mensaje Y / 88:00:00:000 / top(01) / dirty /    507.00000 para Root(00)
Mensaje X / 88:00:00:000 / top(01) / dirty /    507.00000 para laundromat(03)
Mensaje X / 88:00:00:000 / laundromat(03) / dirty /    507.00000 para laundrycleaning(04)
Mensaje D / 88:00:00:000 / laundrycleaning(04) / 01:00:00:000 para laundromat(03)
Mensaje D / 88:00:00:000 / laundromat(03) / 01:00:00:000 para top(01)
Mensaje D / 88:00:00:000 / top(01) / 01:00:00:000 para Root(00)
Mensaje * / 89:00:00:000 / Root(00) para top(01)
Mensaje * / 89:00:00:000 / top(01) para laundromat(03)
Mensaje * / 89:00:00:000 / laundromat(03) para laundrycleaning(04)
Mensaje Y / 89:00:00:000 / laundrycleaning(04) / clean /    507.00000 para laundromat(03)
Mensaje D / 89:00:00:000 / laundrycleaning(04) / ... para laundromat(03)
Mensaje X / 89:00:00:000 / laundromat(03) / clean /    507.00000 para laundryshipping(05)
Mensaje D / 89:00:00:000 / laundryshipping(05) / 15:00:00:000 para laundromat(03)
Mensaje D / 89:00:00:000 / laundromat(03) / 15:00:00:000 para top(01)
Mensaje D / 89:00:00:000 / top(01) / 15:00:00:000 para Root(00)
Mensaje * / 104:00:00:000 / Root(00) para top(01)
Mensaje * / 104:00:00:000 / top(01) para laundromat(03)
Mensaje * / 104:00:00:000 / laundromat(03) para laundryshipping(05)
Mensaje Y / 104:00:00:000 / laundryshipping(05) / shipped /    500.00000 para laundromat(03)
Mensaje D / 104:00:00:000 / laundryshipping(05) / 24:00:00:000 para laundromat(03)
Mensaje Y / 104:00:00:000 / laundromat(03) / shipped /    500.00000 para top(01)
Mensaje D / 104:00:00:000 / laundromat(03) / 24:00:00:000 para top(01)
Mensaje Y / 104:00:00:000 / top(01) / shipped /    500.00000 para Root(00)
Mensaje X / 104:00:00:000 / top(01) / clean /    500.00000 para hospital(02)
Mensaje D / 104:00:00:000 / hospital(02) / 00:10:00:000 para top(01)
Mensaje D / 104:00:00:000 / top(01) / 00:10:00:000 para Root(00)
Mensaje * / 104:10:00:000 / Root(00) para top(01)
Mensaje * / 104:10:00:000 / top(01) para hospital(02)
Mensaje D / 104:10:00:000 / hospital(02) / 07:50:00:000 para top(01)
Mensaje D / 104:10:00:000 / top(01) / 07:50:00:000 para Root(00)
Mensaje * / 112:00:00:000 / Root(00) para top(01)
Mensaje * / 112:00:00:000 / top(01) para hospital(02)
Mensaje Y / 112:00:00:000 / hospital(02) / dirty /    336.00000 para top(01)
Mensaje D / 112:00:00:000 / hospital(02) / 16:10:00:000 para top(01)
Mensaje Y / 112:00:00:000 / top(01) / dirty /    336.00000 para Root(00)
Mensaje X / 112:00:00:000 / top(01) / dirty /    336.00000 para laundromat(03)
Mensaje X / 112:00:00:000 / laundromat(03) / dirty /    336.00000 para laundrycleaning(04)
Mensaje D / 112:00:00:000 / laundrycleaning(04) / 01:00:00:000 para laundromat(03)
Mensaje D / 112:00:00:000 / laundromat(03) / 01:00:00:000 para top(01)
Mensaje D / 112:00:00:000 / top(01) / 01:00:00:000 para Root(00)
Mensaje * / 113:00:00:000 / Root(00) para top(01)
Mensaje * / 113:00:00:000 / top(01) para laundromat(03)
Mensaje * / 113:00:00:000 / laundromat(03) para laundrycleaning(04)
Mensaje Y / 113:00:00:000 / laundrycleaning(04) / clean /    336.00000 para laundromat(03)
Mensaje D / 113:00:00:000 / laundrycleaning(04) / ... para laundromat(03)
Mensaje X / 113:00:00:000 / laundromat(03) / clean /    336.00000 para laundryshipping(05)
Mensaje D / 113:00:00:000 / laundryshipping(05) / 15:00:00:000 para laundromat(03)
Mensaje D / 113:00:00:000 / laundromat(03) / 15:00:00:000 para top(01)
Mensaje D / 113:00:00:000 / top(01) / 15:00:00:000 para Root(00)
Mensaje * / 128:00:00:000 / Root(00) para top(01)
Mensaje * / 128:00:00:000 / top(01) para laundromat(03)
Mensaje * / 128:00:00:000 / laundromat(03) para laundryshipping(05)
Mensaje Y / 128:00:00:000 / laundryshipping(05) / shipped /    390.00000 para laundromat(03)
Mensaje Y / 128:00:00:000 / laundryshipping(05) / shortamount /    110.00000 para laundromat(03)
Mensaje D / 128:00:00:000 / laundryshipping(05) / 24:00:00:000 para laundromat(03)
Mensaje Y / 128:00:00:000 / laundromat(03) / shipped /    390.00000 para top(01)
Mensaje Y / 128:00:00:000 / laundromat(03) / shortamount /    110.00000 para top(01)
Mensaje D / 128:00:00:000 / laundromat(03) / 24:00:00:000 para top(01)
Mensaje Y / 128:00:00:000 / top(01) / shipped /    390.00000 para Root(00)
Mensaje X / 128:00:00:000 / top(01) / clean /    390.00000 para hospital(02)
Mensaje Y / 128:00:00:000 / top(01) / shortamount /    110.00000 para Root(00)
Mensaje D / 128:00:00:000 / hospital(02) / 00:10:00:000 para top(01)
Mensaje D / 128:00:00:000 / top(01) / 00:10:00:000 para Root(00)
Mensaje * / 128:10:00:000 / Root(00) para top(01)
Mensaje * / 128:10:00:000 / top(01) para hospital(02)
Mensaje D / 128:10:00:000 / hospital(02) / 07:50:00:000 para top(01)
Mensaje D / 128:10:00:000 / top(01) / 07:50:00:000 para Root(00)
Mensaje * / 136:00:00:000 / Root(00) para top(01)
Mensaje * / 136:00:00:000 / top(01) para hospital(02)
Mensaje Y / 136:00:00:000 / hospital(02) / dirty /    532.00000 para top(01)
Mensaje D / 136:00:00:000 / hospital(02) / 16:10:00:000 para top(01)
Mensaje Y / 136:00:00:000 / top(01) / dirty /    532.00000 para Root(00)
Mensaje X / 136:00:00:000 / top(01) / dirty /    532.00000 para laundromat(03)
Mensaje X / 136:00:00:000 / laundromat(03) / dirty /    532.00000 para laundrycleaning(04)
Mensaje D / 136:00:00:000 / laundrycleaning(04) / 01:00:00:000 para laundromat(03)
Mensaje D / 136:00:00:000 / laundromat(03) / 01:00:00:000 para top(01)
Mensaje D / 136:00:00:000 / top(01) / 01:00:00:000 para Root(00)
Mensaje * / 137:00:00:000 / Root(00) para top(01)
Mensaje * / 137:00:00:000 / top(01) para laundromat(03)
Mensaje * / 137:00:00:000 / laundromat(03) para laundrycleaning(04)
Mensaje Y / 137:00:00:000 / laundrycleaning(04) / clean /    532.00000 para laundromat(03)
Mensaje D / 137:00:00:000 / laundrycleaning(04) / ... para laundromat(03)
Mensaje X / 137:00:00:000 / laundromat(03) / clean /    532.00000 para laundryshipping(05)
Mensaje D / 137:00:00:000 / laundryshipping(05) / 15:00:00:000 para laundromat(03)
Mensaje D / 137:00:00:000 / laundromat(03) / 15:00:00:000 para top(01)
Mensaje D / 137:00:00:000 / top(01) / 15:00:00:000 para Root(00)
Mensaje * / 152:00:00:000 / Root(00) para top(01)
Mensaje * / 152:00:00:000 / top(01) para laundromat(03)
Mensaje * / 152:00:00:000 / laundromat(03) para laundryshipping(05)
Mensaje Y / 152:00:00:000 / laundryshipping(05) / shipped /    500.00000 para laundromat(03)
Mensaje D / 152:00:00:000 / laundryshipping(05) / 24:00:00:000 para laundromat(03)
Mensaje Y / 152:00:00:000 / laundromat(03) / shipped /    500.00000 para top(01)
Mensaje D / 152:00:00:000 / laundromat(03) / 24:00:00:000 para top(01)
Mensaje Y / 152:00:00:000 / top(01) / shipped /    500.00000 para Root(00)
Mensaje X / 152:00:00:000 / top(01) / clean /    500.00000 para hospital(02)
Mensaje D / 152:00:00:000 / hospital(02) / 00:10:00:000 para top(01)
Mensaje D / 152:00:00:000 / top(01) / 00:10:00:000 para Root(00)
Mensaje * / 152:10:00:000 / Root(00) para top(01)
Mensaje * / 152:10:00:000 / top(01) para hospital(02)
Mensaje D / 152:10:00:000 / hospital(02) / 07:50:00:000 para top(01)
Mensaje D / 152:10:00:000 / top(01) / 07:50:00:000 para Root(00)
Mensaje * / 160:00:00:000 / Root(00) para top(01)
Mensaje * / 160:00:00:000 / top(01) para hospital(02)
Mensaje Y / 160:00:00:000 / hospital(02) / dirty /    669.00000 para top(01)
Mensaje D / 160:00:00:000 / hospital(02) / 16:10:00:000 para top(01)
Mensaje Y / 160:00:00:000 / top(01) / dirty /    669.00000 para Root(00)
Mensaje X / 160:00:00:000 / top(01) / dirty /    669.00000 para laundromat(03)
Mensaje X / 160:00:00:000 / laundromat(03) / dirty /    669.00000 para laundrycleaning(04)
Mensaje D / 160:00:00:000 / laundrycleaning(04) / 01:00:00:000 para laundromat(03)
Mensaje D / 160:00:00:000 / laundromat(03) / 01:00:00:000 para top(01)
Mensaje D / 160:00:00:000 / top(01) / 01:00:00:000 para Root(00)
Mensaje * / 161:00:00:000 / Root(00) para top(01)
Mensaje * / 161:00:00:000 / top(01) para laundromat(03)
Mensaje * / 161:00:00:000 / laundromat(03) para laundrycleaning(04)
Mensaje Y / 161:00:00:000 / laundrycleaning(04) / clean /    669.00000 para laundromat(03)
Mensaje D / 161:00:00:000 / laundrycleaning(04) / ... para laundromat(03)
Mensaje X / 161:00:00:000 / laundromat(03) / clean /    669.00000 para laundryshipping(05)
Mensaje D / 161:00:00:000 / laundryshipping(05) / 15:00:00:000 para laundromat(03)
Mensaje D / 161:00:00:000 / laundromat(03) / 15:00:00:000 para top(01)
Mensaje D / 161:00:00:000 / top(01) / 15:00:00:000 para Root(00)
Mensaje * / 176:00:00:000 / Root(00) para top(01)
Mensaje * / 176:00:00:000 / top(01) para laundromat(03)
Mensaje * / 176:00:00:000 / laundromat(03) para laundryshipping(05)
Mensaje Y / 176:00:00:000 / laundryshipping(05) / shipped /    500.00000 para laundromat(03)
Mensaje D / 176:00:00:000 / laundryshipping(05) / 24:00:00:000 para laundromat(03)
Mensaje Y / 176:00:00:000 / laundromat(03) / shipped /    500.00000 para top(01)
Mensaje D / 176:00:00:000 / laundromat(03) / 24:00:00:000 para top(01)
Mensaje Y / 176:00:00:000 / top(01) / shipped /    500.00000 para Root(00)
Mensaje X / 176:00:00:000 / top(01) / clean /    500.00000 para hospital(02)
Mensaje D / 176:00:00:000 / hospital(02) / 00:10:00:000 para top(01)
Mensaje D / 176:00:00:000 / top(01) / 00:10:00:000 para Root(00)
Mensaje * / 176:10:00:000 / Root(00) para top(01)
Mensaje * / 176:10:00:000 / top(01) para hospital(02)
Mensaje D / 176:10:00:000 / hospital(02) / 07:50:00:000 para top(01)
Mensaje D / 176:10:00:000 / top(01) / 07:50:00:000 para Root(00)
Mensaje * / 184:00:00:000 / Root(00) para top(01)
Mensaje * / 184:00:00:000 / top(01) para hospital(02)
Mensaje Y / 184:00:00:000 / hospital(02) / dirty /    631.00000 para top(01)
Mensaje D / 184:00:00:000 / hospital(02) / 16:10:00:000 para top(01)
Mensaje Y / 184:00:00:000 / top(01) / dirty /    631.00000 para Root(00)
Mensaje X / 184:00:00:000 / top(01) / dirty /    631.00000 para laundromat(03)
Mensaje X / 184:00:00:000 / laundromat(03) / dirty /    631.00000 para laundrycleaning(04)
Mensaje D / 184:00:00:000 / laundrycleaning(04) / 01:00:00:000 para laundromat(03)
Mensaje D / 184:00:00:000 / laundromat(03) / 01:00:00:000 para top(01)
Mensaje D / 184:00:00:000 / top(01) / 01:00:00:000 para Root(00)
Mensaje * / 185:00:00:000 / Root(00) para top(01)
Mensaje * / 185:00:00:000 / top(01) para laundromat(03)
Mensaje * / 185:00:00:000 / laundromat(03) para laundrycleaning(04)
Mensaje Y / 185:00:00:000 / laundrycleaning(04) / clean /    631.00000 para laundromat(03)
Mensaje D / 185:00:00:000 / laundrycleaning(04) / ... para laundromat(03)
Mensaje X / 185:00:00:000 / laundromat(03) / clean /    631.00000 para laundryshipping(05)
Mensaje D / 185:00:00:000 / laundryshipping(05) / 15:00:00:000 para laundromat(03)
Mensaje D / 185:00:00:000 / laundromat(03) / 15:00:00:000 para top(01)
Mensaje D / 185:00:00:000 / top(01) / 15:00:00:000 para Root(00)
Mensaje * / 200:00:00:000 / Root(00) para top(01)
Mensaje * / 200:00:00:000 / top(01) para laundromat(03)
Mensaje * / 200:00:00:000 / laundromat(03) para laundryshipping(05)
Mensaje Y / 200:00:00:000 / laundryshipping(05) / shipped /    500.00000 para laundromat(03)
Mensaje D / 200:00:00:000 / laundryshipping(05) / 24:00:00:000 para laundromat(03)
Mensaje Y / 200:00:00:000 / laundromat(03) / shipped /    500.00000 para top(01)
Mensaje D / 200:00:00:000 / laundromat(03) / 24:00:00:000 para top(01)
Mensaje Y / 200:00:00:000 / top(01) / shipped /    500.00000 para Root(00)
Mensaje X / 200:00:00:000 / top(01) / clean /    500.00000 para hospital(02)
Mensaje D / 200:00:00:000 / hospital(02) / 00:10:00:000 para top(01)
Mensaje D / 200:00:00:000 / top(01) / 00:10:00:000 para Root(00)
Mensaje * / 200:10:00:000 / Root(00) para top(01)
Mensaje * / 200:10:00:000 / top(01) para hospital(02)
Mensaje D / 200:10:00:000 / hospital(02) / 07:50:00:000 para top(01)
Mensaje D / 200:10:00:000 / top(01) / 07:50:00:000 para Root(00)
Mensaje * / 208:00:00:000 / Root(00) para top(01)
Mensaje * / 208:00:00:000 / top(01) para hospital(02)
Mensaje Y / 208:00:00:000 / hospital(02) / dirty /    589.00000 para top(01)
Mensaje D / 208:00:00:000 / hospital(02) / 16:10:00:000 para top(01)
Mensaje Y / 208:00:00:000 / top(01) / dirty /    589.00000 para Root(00)
Mensaje X / 208:00:00:000 / top(01) / dirty /    589.00000 para laundromat(03)
Mensaje X / 208:00:00:000 / laundromat(03) / dirty /    589.00000 para laundrycleaning(04)
Mensaje D / 208:00:00:000 / laundrycleaning(04) / 01:00:00:000 para laundromat(03)
Mensaje D / 208:00:00:000 / laundromat(03) / 01:00:00:000 para top(01)
Mensaje D / 208:00:00:000 / top(01) / 01:00:00:000 para Root(00)
Mensaje * / 209:00:00:000 / Root(00) para top(01)
Mensaje * / 209:00:00:000 / top(01) para laundromat(03)
Mensaje * / 209:00:00:000 / laundromat(03) para laundrycleaning(04)
Mensaje Y / 209:00:00:000 / laundrycleaning(04) / clean /    589.00000 para laundromat(03)
Mensaje D / 209:00:00:000 / laundrycleaning(04) / ... para laundromat(03)
Mensaje X / 209:00:00:000 / laundromat(03) / clean /    589.00000 para laundryshipping(05)
Mensaje D / 209:00:00:000 / laundryshipping(05) / 15:00:00:000 para laundromat(03)
Mensaje D / 209:00:00:000 / laundromat(03) / 15:00:00:000 para top(01)
Mensaje D / 209:00:00:000 / top(01) / 15:00:00:000 para Root(00)
Mensaje * / 224:00:00:000 / Root(00) para top(01)
Mensaje * / 224:00:00:000 / top(01) para laundromat(03)
Mensaje * / 224:00:00:000 / laundromat(03) para laundryshipping(05)
Mensaje Y / 224:00:00:000 / laundryshipping(05) / shipped /    500.00000 para laundromat(03)
Mensaje D / 224:00:00:000 / laundryshipping(05) / 24:00:00:000 para laundromat(03)
Mensaje Y / 224:00:00:000 / laundromat(03) / shipped /    500.00000 para top(01)
Mensaje D / 224:00:00:000 / laundromat(03) / 24:00:00:000 para top(01)
Mensaje Y / 224:00:00:000 / top(01) / shipped /    500.00000 para Root(00)
Mensaje X / 224:00:00:000 / top(01) / clean /    500.00000 para hospital(02)
Mensaje D / 224:00:00:000 / hospital(02) / 00:10:00:000 para top(01)
Mensaje D / 224:00:00:000 / top(01) / 00:10:00:000 para Root(00)
Mensaje * / 224:10:00:000 / Root(00) para top(01)
Mensaje * / 224:10:00:000 / top(01) para hospital(02)
Mensaje D / 224:10:00:000 / hospital(02) / 07:50:00:000 para top(01)
Mensaje D / 224:10:00:000 / top(01) / 07:50:00:000 para Root(00)
Mensaje * / 232:00:00:000 / Root(00) para top(01)
Mensaje * / 232:00:00:000 / top(01) para hospital(02)
Mensaje Y / 232:00:00:000 / hospital(02) / dirty /    466.00000 para top(01)
Mensaje D / 232:00:00:000 / hospital(02) / 16:10:00:000 para top(01)
Mensaje Y / 232:00:00:000 / top(01) / dirty /    466.00000 para Root(00)
Mensaje X / 232:00:00:000 / top(01) / dirty /    466.00000 para laundromat(03)
Mensaje X / 232:00:00:000 / laundromat(03) / dirty /    466.00000 para laundrycleaning(04)
Mensaje D / 232:00:00:000 / laundrycleaning(04) / 01:00:00:000 para laundromat(03)
Mensaje D / 232:00:00:000 / laundromat(03) / 01:00:00:000 para top(01)
Mensaje D / 232:00:00:000 / top(01) / 01:00:00:000 para Root(00)
Mensaje * / 233:00:00:000 / Root(00) para top(01)
Mensaje * / 233:00:00:000 / top(01) para laundromat(03)
Mensaje * / 233:00:00:000 / laundromat(03) para laundrycleaning(04)
Mensaje Y / 233:00:00:000 / laundrycleaning(04) / clean /    466.00000 para laundromat(03)
Mensaje D / 233:00:00:000 / laundrycleaning(04) / ... para laundromat(03)
Mensaje X / 233:00:00:000 / laundromat(03) / clean /    466.00000 para laundryshipping(05)
Mensaje D / 233:00:00:000 / laundryshipping(05) / 15:00:00:000 para laundromat(03)
Mensaje D / 233:00:00:000 / laundromat(03) / 15:00:00:000 para top(01)
Mensaje D / 233:00:00:000 / top(01) / 15:00:00:000 para Root(00)
Mensaje * / 248:00:00:000 / Root(00) para top(01)
Mensaje * / 248:00:00:000 / top(01) para laundromat(03)
Mensaje * / 248:00:00:000 / laundromat(03) para laundryshipping(05)
Mensaje Y / 248:00:00:000 / laundryshipping(05) / shipped /    500.00000 para laundromat(03)
Mensaje D / 248:00:00:000 / laundryshipping(05) / 24:00:00:000 para laundromat(03)
Mensaje Y / 248:00:00:000 / laundromat(03) / shipped /    500.00000 para top(01)
Mensaje D / 248:00:00:000 / laundromat(03) / 24:00:00:000 para top(01)
Mensaje Y / 248:00:00:000 / top(01) / shipped /    500.00000 para Root(00)
Mensaje X / 248:00:00:000 / top(01) / clean /    500.00000 para hospital(02)
Mensaje D / 248:00:00:000 / hospital(02) / 00:10:00:000 para top(01)
Mensaje D / 248:00:00:000 / top(01) / 00:10:00:000 para Root(00)
Mensaje * / 248:10:00:000 / Root(00) para top(01)
Mensaje * / 248:10:00:000 / top(01) para hospital(02)
Mensaje D / 248:10:00:000 / hospital(02) / 07:50:00:000 para top(01)
Mensaje D / 248:10:00:000 / top(01) / 07:50:00:000 para Root(00)
Mensaje * / 256:00:00:000 / Root(00) para top(01)
Mensaje * / 256:00:00:000 / top(01) para hospital(02)
Mensaje Y / 256:00:00:000 / hospital(02) / dirty /    380.00000 para top(01)
Mensaje D / 256:00:00:000 / hospital(02) / 16:10:00:000 para top(01)
Mensaje Y / 256:00:00:000 / top(01) / dirty /    380.00000 para Root(00)
Mensaje X / 256:00:00:000 / top(01) / dirty /    380.00000 para laundromat(03)
Mensaje X / 256:00:00:000 / laundromat(03) / dirty /    380.00000 para laundrycleaning(04)
Mensaje D / 256:00:00:000 / laundrycleaning(04) / 01:00:00:000 para laundromat(03)
Mensaje D / 256:00:00:000 / laundromat(03) / 01:00:00:000 para top(01)
Mensaje D / 256:00:00:000 / top(01) / 01:00:00:000 para Root(00)
Mensaje * / 257:00:00:000 / Root(00) para top(01)
Mensaje * / 257:00:00:000 / top(01) para laundromat(03)
Mensaje * / 257:00:00:000 / laundromat(03) para laundrycleaning(04)
Mensaje Y / 257:00:00:000 / laundrycleaning(04) / clean /    380.00000 para laundromat(03)
Mensaje D / 257:00:00:000 / laundrycleaning(04) / ... para laundromat(03)
Mensaje X / 257:00:00:000 / laundromat(03) / clean /    380.00000 para laundryshipping(05)
Mensaje D / 257:00:00:000 / laundryshipping(05) / 15:00:00:000 para laundromat(03)
Mensaje D / 257:00:00:000 / laundromat(03) / 15:00:00:000 para top(01)
Mensaje D / 257:00:00:000 / top(01) / 15:00:00:000 para Root(00)
Mensaje * / 272:00:00:000 / Root(00) para top(01)
Mensaje * / 272:00:00:000 / top(01) para laundromat(03)
Mensaje * / 272:00:00:000 / laundromat(03) para laundryshipping(05)
Mensaje Y / 272:00:00:000 / laundryshipping(05) / shipped /    500.00000 para laundromat(03)
Mensaje D / 272:00:00:000 / laundryshipping(05) / 24:00:00:000 para laundromat(03)
Mensaje Y / 272:00:00:000 / laundromat(03) / shipped /    500.00000 para top(01)
Mensaje D / 272:00:00:000 / laundromat(03) / 24:00:00:000 para top(01)
Mensaje Y / 272:00:00:000 / top(01) / shipped /    500.00000 para Root(00)
Mensaje X / 272:00:00:000 / top(01) / clean /    500.00000 para hospital(02)
Mensaje D / 272:00:00:000 / hospital(02) / 00:10:00:000 para top(01)
Mensaje D / 272:00:00:000 / top(01) / 00:10:00:000 para Root(00)
Mensaje * / 272:10:00:000 / Root(00) para top(01)
Mensaje * / 272:10:00:000 / top(01) para hospital(02)
Mensaje D / 272:10:00:000 / hospital(02) / 07:50:00:000 para top(01)
Mensaje D / 272:10:00:000 / top(01) / 07:50:00:000 para Root(00)
Mensaje * / 280:00:00:000 / Root(00) para top(01)
Mensaje * / 280:00:00:000 / top(01) para hospital(02)
Mensaje Y / 280:00:00:000 / hospital(02) / dirty /    637.00000 para top(01)
Mensaje D / 280:00:00:000 / hospital(02) / 16:10:00:000 para top(01)
Mensaje Y / 280:00:00:000 / top(01) / dirty /    637.00000 para Root(00)
Mensaje X / 280:00:00:000 / top(01) / dirty /    637.00000 para laundromat(03)
Mensaje X / 280:00:00:000 / laundromat(03) / dirty /    637.00000 para laundrycleaning(04)
Mensaje D / 280:00:00:000 / laundrycleaning(04) / 01:00:00:000 para laundromat(03)
Mensaje D / 280:00:00:000 / laundromat(03) / 01:00:00:000 para top(01)
Mensaje D / 280:00:00:000 / top(01) / 01:00:00:000 para Root(00)
Mensaje * / 281:00:00:000 / Root(00) para top(01)
Mensaje * / 281:00:00:000 / top(01) para laundromat(03)
Mensaje * / 281:00:00:000 / laundromat(03) para laundrycleaning(04)
Mensaje Y / 281:00:00:000 / laundrycleaning(04) / clean /    637.00000 para laundromat(03)
Mensaje D / 281:00:00:000 / laundrycleaning(04) / ... para laundromat(03)
Mensaje X / 281:00:00:000 / laundromat(03) / clean /    637.00000 para laundryshipping(05)
Mensaje D / 281:00:00:000 / laundryshipping(05) / 15:00:00:000 para laundromat(03)
Mensaje D / 281:00:00:000 / laundromat(03) / 15:00:00:000 para top(01)
Mensaje D / 281:00:00:000 / top(01) / 15:00:00:000 para Root(00)
Mensaje * / 296:00:00:000 / Root(00) para top(01)
Mensaje * / 296:00:00:000 / top(01) para laundromat(03)
Mensaje * / 296:00:00:000 / laundromat(03) para laundryshipping(05)
Mensaje Y / 296:00:00:000 / laundryshipping(05) / shipped /    500.00000 para laundromat(03)
Mensaje D / 296:00:00:000 / laundryshipping(05) / 24:00:00:000 para laundromat(03)
Mensaje Y / 296:00:00:000 / laundromat(03) / shipped /    500.00000 para top(01)
Mensaje D / 296:00:00:000 / laundromat(03) / 24:00:00:000 para top(01)
Mensaje Y / 296:00:00:000 / top(01) / shipped /    500.00000 para Root(00)
Mensaje X / 296:00:00:000 / top(01) / clean /    500.00000 para hospital(02)
Mensaje D / 296:00:00:000 / hospital(02) / 00:10:00:000 para top(01)
Mensaje D / 296:00:00:000 / top(01) / 00:10:00:000 para Root(00)
Mensaje * / 296:10:00:000 / Root(00) para top(01)
Mensaje * / 296:10:00:000 / top(01) para hospital(02)
Mensaje D / 296:10:00:000 / hospital(02) / 07:50:00:000 para top(01)
Mensaje D / 296:10:00:000 / top(01) / 07:50:00:000 para Root(00)
Mensaje * / 304:00:00:000 / Root(00) para top(01)
Mensaje * / 304:00:00:000 / top(01) para hospital(02)
Mensaje Y / 304:00:00:000 / hospital(02) / dirty /    111.00000 para top(01)
Mensaje D / 304:00:00:000 / hospital(02) / 16:10:00:000 para top(01)
Mensaje Y / 304:00:00:000 / top(01) / dirty /    111.00000 para Root(00)
Mensaje X / 304:00:00:000 / top(01) / dirty /    111.00000 para laundromat(03)
Mensaje X / 304:00:00:000 / laundromat(03) / dirty /    111.00000 para laundrycleaning(04)
Mensaje D / 304:00:00:000 / laundrycleaning(04) / 01:00:00:000 para laundromat(03)
Mensaje D / 304:00:00:000 / laundromat(03) / 01:00:00:000 para top(01)
Mensaje D / 304:00:00:000 / top(01) / 01:00:00:000 para Root(00)
Mensaje * / 305:00:00:000 / Root(00) para top(01)
Mensaje * / 305:00:00:000 / top(01) para laundromat(03)
Mensaje * / 305:00:00:000 / laundromat(03) para laundrycleaning(04)
Mensaje Y / 305:00:00:000 / laundrycleaning(04) / clean /    111.00000 para laundromat(03)
Mensaje D / 305:00:00:000 / laundrycleaning(04) / ... para laundromat(03)
Mensaje X / 305:00:00:000 / laundromat(03) / clean /    111.00000 para laundryshipping(05)
Mensaje D / 305:00:00:000 / laundryshipping(05) / 15:00:00:000 para laundromat(03)
Mensaje D / 305:00:00:000 / laundromat(03) / 15:00:00:000 para top(01)
Mensaje D / 305:00:00:000 / top(01) / 15:00:00:000 para Root(00)
Mensaje * / 320:00:00:000 / Root(00) para top(01)
Mensaje * / 320:00:00:000 / top(01) para laundromat(03)
Mensaje * / 320:00:00:000 / laundromat(03) para laundryshipping(05)
Mensaje Y / 320:00:00:000 / laundryshipping(05) / shipped /    500.00000 para laundromat(03)
Mensaje D / 320:00:00:000 / laundryshipping(05) / 24:00:00:000 para laundromat(03)
Mensaje Y / 320:00:00:000 / laundromat(03) / shipped /    500.00000 para top(01)
Mensaje D / 320:00:00:000 / laundromat(03) / 24:00:00:000 para top(01)
Mensaje Y / 320:00:00:000 / top(01) / shipped /    500.00000 para Root(00)
Mensaje X / 320:00:00:000 / top(01) / clean /    500.00000 para hospital(02)
Mensaje D / 320:00:00:000 / hospital(02) / 00:10:00:000 para top(01)
Mensaje D / 320:00:00:000 / top(01) / 00:10:00:000 para Root(00)
Mensaje * / 320:10:00:000 / Root(00) para top(01)
Mensaje * / 320:10:00:000 / top(01) para hospital(02)
Mensaje D / 320:10:00:000 / hospital(02) / 07:50:00:000 para top(01)
Mensaje D / 320:10:00:000 / top(01) / 07:50:00:000 para Root(00)
Mensaje * / 328:00:00:000 / Root(00) para top(01)
Mensaje * / 328:00:00:000 / top(01) para hospital(02)
Mensaje Y / 328:00:00:000 / hospital(02) / dirty /    635.00000 para top(01)
Mensaje D / 328:00:00:000 / hospital(02) / 16:10:00:000 para top(01)
Mensaje Y / 328:00:00:000 / top(01) / dirty /    635.00000 para Root(00)
Mensaje X / 328:00:00:000 / top(01) / dirty /    635.00000 para laundromat(03)
Mensaje X / 328:00:00:000 / laundromat(03) / dirty /    635.00000 para laundrycleaning(04)
Mensaje D / 328:00:00:000 / laundrycleaning(04) / 01:00:00:000 para laundromat(03)
Mensaje D / 328:00:00:000 / laundromat(03) / 01:00:00:000 para top(01)
Mensaje D / 328:00:00:000 / top(01) / 01:00:00:000 para Root(00)
Mensaje * / 329:00:00:000 / Root(00) para top(01)
Mensaje * / 329:00:00:000 / top(01) para laundromat(03)
Mensaje * / 329:00:00:000 / laundromat(03) para laundrycleaning(04)
Mensaje Y / 329:00:00:000 / laundrycleaning(04) / clean /    635.00000 para laundromat(03)
Mensaje D / 329:00:00:000 / laundrycleaning(04) / ... para laundromat(03)
Mensaje X / 329:00:00:000 / laundromat(03) / clean /    635.00000 para laundryshipping(05)
Mensaje D / 329:00:00:000 / laundryshipping(05) / 15:00:00:000 para laundromat(03)
Mensaje D / 329:00:00:000 / laundromat(03) / 15:00:00:000 para top(01)
Mensaje D / 329:00:00:000 / top(01) / 15:00:00:000 para Root(00)
Mensaje * / 344:00:00:000 / Root(00) para top(01)
Mensaje * / 344:00:00:000 / top(01) para laundromat(03)
Mensaje * / 344:00:00:000 / laundromat(03) para laundryshipping(05)
Mensaje Y / 344:00:00:000 / laundryshipping(05) / shipped /    500.00000 para laundromat(03)
Mensaje D / 344:00:00:000 / laundryshipping(05) / 24:00:00:000 para laundromat(03)
Mensaje Y / 344:00:00:000 / laundromat(03) / shipped /    500.00000 para top(01)
Mensaje D / 344:00:00:000 / laundromat(03) / 24:00:00:000 para top(01)
Mensaje Y / 344:00:00:000 / top(01) / shipped /    500.00000 para Root(00)
Mensaje X / 344:00:00:000 / top(01) / clean /    500.00000 para hospital(02)
Mensaje D / 344:00:00:000 / hospital(02) / 00:10:00:000 para top(01)
Mensaje D / 344:00:00:000 / top(01) / 00:10:00:000 para Root(00)
Mensaje * / 344:10:00:000 / Root(00) para top(01)
Mensaje * / 344:10:00:000 / top(01) para hospital(02)
Mensaje D / 344:10:00:000 / hospital(02) / 07:50:00:000 para top(01)
Mensaje D / 344:10:00:000 / top(01) / 07:50:00:000 para Root(00)
Mensaje * / 352:00:00:000 / Root(00) para top(01)
Mensaje * / 352:00:00:000 / top(01) para hospital(02)
Mensaje Y / 352:00:00:000 / hospital(02) / dirty /    635.00000 para top(01)
Mensaje D / 352:00:00:000 / hospital(02) / 16:10:00:000 para top(01)
Mensaje Y / 352:00:00:000 / top(01) / dirty /    635.00000 para Root(00)
Mensaje X / 352:00:00:000 / top(01) / dirty /    635.00000 para laundromat(03)
Mensaje X / 352:00:00:000 / laundromat(03) / dirty /    635.00000 para laundrycleaning(04)
Mensaje D / 352:00:00:000 / laundrycleaning(04) / 01:00:00:000 para laundromat(03)
Mensaje D / 352:00:00:000 / laundromat(03) / 01:00:00:000 para top(01)
Mensaje D / 352:00:00:000 / top(01) / 01:00:00:000 para Root(00)
Mensaje * / 353:00:00:000 / Root(00) para top(01)
Mensaje * / 353:00:00:000 / top(01) para laundromat(03)
Mensaje * / 353:00:00:000 / laundromat(03) para laundrycleaning(04)
Mensaje Y / 353:00:00:000 / laundrycleaning(04) / clean /    635.00000 para laundromat(03)
Mensaje D / 353:00:00:000 / laundrycleaning(04) / ... para laundromat(03)
Mensaje X / 353:00:00:000 / laundromat(03) / clean /    635.00000 para laundryshipping(05)
Mensaje D / 353:00:00:000 / laundryshipping(05) / 15:00:00:000 para laundromat(03)
Mensaje D / 353:00:00:000 / laundromat(03) / 15:00:00:000 para top(01)
Mensaje D / 353:00:00:000 / top(01) / 15:00:00:000 para Root(00)
Mensaje * / 368:00:00:000 / Root(00) para top(01)
Mensaje * / 368:00:00:000 / top(01) para laundromat(03)
Mensaje * / 368:00:00:000 / laundromat(03) para laundryshipping(05)
Mensaje Y / 368:00:00:000 / laundryshipping(05) / shipped /    500.00000 para laundromat(03)
Mensaje D / 368:00:00:000 / laundryshipping(05) / 24:00:00:000 para laundromat(03)
Mensaje Y / 368:00:00:000 / laundromat(03) / shipped /    500.00000 para top(01)
Mensaje D / 368:00:00:000 / laundromat(03) / 24:00:00:000 para top(01)
Mensaje Y / 368:00:00:000 / top(01) / shipped /    500.00000 para Root(00)
Mensaje X / 368:00:00:000 / top(01) / clean /    500.00000 para hospital(02)
Mensaje D / 368:00:00:000 / hospital(02) / 00:10:00:000 para top(01)
Mensaje D / 368:00:00:000 / top(01) / 00:10:00:000 para Root(00)
Mensaje * / 368:10:00:000 / Root(00) para top(01)
Mensaje * / 368:10:00:000 / top(01) para hospital(02)
Mensaje D / 368:10:00:000 / hospital(02) / 07:50:00:000 para top(01)
Mensaje D / 368:10:00:000 / top(01) / 07:50:00:000 para Root(00)
Mensaje * / 376:00:00:000 / Root(00) para top(01)
Mensaje * / 376:00:00:000 / top(01) para hospital(02)
Mensaje Y / 376:00:00:000 / hospital(02) / dirty /    715.00000 para top(01)
Mensaje D / 376:00:00:000 / hospital(02) / ... para top(01)
Mensaje Y / 376:00:00:000 / top(01) / dirty /    715.00000 para Root(00)
Mensaje X / 376:00:00:000 / top(01) / dirty /    715.00000 para laundromat(03)
Mensaje X / 376:00:00:000 / laundromat(03) / dirty /    715.00000 para laundrycleaning(04)
Mensaje D / 376:00:00:000 / laundrycleaning(04) / 01:00:00:000 para laundromat(03)
Mensaje D / 376:00:00:000 / laundromat(03) / 01:00:00:000 para top(01)
Mensaje D / 376:00:00:000 / top(01) / 01:00:00:000 para Root(00)
Mensaje * / 377:00:00:000 / Root(00) para top(01)
Mensaje * / 377:00:00:000 / top(01) para laundromat(03)
Mensaje * / 377:00:00:000 / laundromat(03) para laundrycleaning(04)
Mensaje Y / 377:00:00:000 / laundrycleaning(04) / clean /    715.00000 para laundromat(03)
Mensaje D / 377:00:00:000 / laundrycleaning(04) / ... para laundromat(03)
Mensaje X / 377:00:00:000 / laundromat(03) / clean /    715.00000 para laundryshipping(05)
Mensaje D / 377:00:00:000 / laundryshipping(05) / 15:00:00:000 para laundromat(03)
Mensaje D / 377:00:00:000 / laundromat(03) / 15:00:00:000 para top(01)
Mensaje D / 377:00:00:000 / top(01) / 15:00:00:000 para Root(00)
Mensaje * / 392:00:00:000 / Root(00) para top(01)
Mensaje * / 392:00:00:000 / top(01) para laundromat(03)
Mensaje * / 392:00:00:000 / laundromat(03) para laundryshipping(05)
Mensaje Y / 392:00:00:000 / laundryshipping(05) / shipped /    500.00000 para laundromat(03)
Mensaje D / 392:00:00:000 / laundryshipping(05) / 24:00:00:000 para laundromat(03)
Mensaje Y / 392:00:00:000 / laundromat(03) / shipped /    500.00000 para top(01)
Mensaje D / 392:00:00:000 / laundromat(03) / 24:00:00:000 para top(01)
Mensaje Y / 392:00:00:000 / top(01) / shipped /    500.00000 para Root(00)
Mensaje X / 392:00:00:000 / top(01) / clean /    500.00000 para hospital(02)
Mensaje D / 392:00:00:000 / hospital(02) / 00:10:00:000 para top(01)
Mensaje D / 392:00:00:000 / top(01) / 00:10:00:000 para Root(00)
Mensaje * / 392:10:00:000 / Root(00) para top(01)
Mensaje * / 392:10:00:000 / top(01) para hospital(02)
Mensaje D / 392:10:00:000 / hospital(02) / 07:50:00:000 para top(01)
Mensaje D / 392:10:00:000 / top(01) / 07:50:00:000 para Root(00)
Mensaje * / 400:00:00:000 / Root(00) para top(01)
Mensaje * / 400:00:00:000 / top(01) para hospital(02)
Mensaje Y / 400:00:00:000 / hospital(02) / dirty /    500.00000 para top(01)
Mensaje D / 400:00:00:000 / hospital(02) / ... para top(01)
Mensaje Y / 400:00:00:000 / top(01) / dirty /    500.00000 para Root(00)
Mensaje X / 400:00:00:000 / top(01) / dirty /    500.00000 para laundromat(03)
Mensaje X / 400:00:00:000 / laundromat(03) / dirty /    500.00000 para laundrycleaning(04)
Mensaje D / 400:00:00:000 / laundrycleaning(04) / 01:00:00:000 para laundromat(03)
Mensaje D / 400:00:00:000 / laundromat(03) / 01:00:00:000 para top(01)
Mensaje D / 400:00:00:000 / top(01) / 01:00:00:000 para Root(00)
Mensaje * / 401:00:00:000 / Root(00) para top(01)
Mensaje * / 401:00:00:000 / top(01) para laundromat(03)
Mensaje * / 401:00:00:000 / laundromat(03) para laundrycleaning(04)
Mensaje Y / 401:00:00:000 / laundrycleaning(04) / clean /    500.00000 para laundromat(03)
Mensaje D / 401:00:00:000 / laundrycleaning(04) / ... para laundromat(03)
Mensaje X / 401:00:00:000 / laundromat(03) / clean /    500.00000 para laundryshipping(05)
Mensaje D / 401:00:00:000 / laundryshipping(05) / 15:00:00:000 para laundromat(03)
Mensaje D / 401:00:00:000 / laundromat(03) / 15:00:00:000 para top(01)
Mensaje D / 401:00:00:000 / top(01) / 15:00:00:000 para Root(00)
Mensaje * / 416:00:00:000 / Root(00) para top(01)
Mensaje * / 416:00:00:000 / top(01) para laundromat(03)
Mensaje * / 416:00:00:000 / laundromat(03) para laundryshipping(05)
Mensaje Y / 416:00:00:000 / laundryshipping(05) / shipped /    500.00000 para laundromat(03)
Mensaje D / 416:00:00:000 / laundryshipping(05) / 24:00:00:000 para laundromat(03)
Mensaje Y / 416:00:00:000 / laundromat(03) / shipped /    500.00000 para top(01)
Mensaje D / 416:00:00:000 / laundromat(03) / 24:00:00:000 para top(01)
Mensaje Y / 416:00:00:000 / top(01) / shipped /    500.00000 para Root(00)
Mensaje X / 416:00:00:000 / top(01) / clean /    500.00000 para hospital(02)
Mensaje D / 416:00:00:000 / hospital(02) / 00:10:00:000 para top(01)
Mensaje D / 416:00:00:000 / top(01) / 00:10:00:000 para Root(00)
Mensaje * / 416:10:00:000 / Root(00) para top(01)
Mensaje * / 416:10:00:000 / top(01) para hospital(02)
Mensaje D / 416:10:00:000 / hospital(02) / 07:50:00:000 para top(01)
Mensaje D / 416:10:00:000 / top(01) / 07:50:00:000 para Root(00)
Mensaje * / 424:00:00:000 / Root(00) para top(01)
Mensaje * / 424:00:00:000 / top(01) para hospital(02)
Mensaje Y / 424:00:00:000 / hospital(02) / dirty /    406.00000 para top(01)
Mensaje D / 424:00:00:000 / hospital(02) / 16:10:00:000 para top(01)
Mensaje Y / 424:00:00:000 / top(01) / dirty /    406.00000 para Root(00)
Mensaje X / 424:00:00:000 / top(01) / dirty /    406.00000 para laundromat(03)
Mensaje X / 424:00:00:000 / laundromat(03) / dirty /    406.00000 para laundrycleaning(04)
Mensaje D / 424:00:00:000 / laundrycleaning(04) / 01:00:00:000 para laundromat(03)
Mensaje D / 424:00:00:000 / laundromat(03) / 01:00:00:000 para top(01)
Mensaje D / 424:00:00:000 / top(01) / 01:00:00:000 para Root(00)
Mensaje * / 425:00:00:000 / Root(00) para top(01)
Mensaje * / 425:00:00:000 / top(01) para laundromat(03)
Mensaje * / 425:00:00:000 / laundromat(03) para laundrycleaning(04)
Mensaje Y / 425:00:00:000 / laundrycleaning(04) / clean /    406.00000 para laundromat(03)
Mensaje D / 425:00:00:000 / laundrycleaning(04) / ... para laundromat(03)
Mensaje X / 425:00:00:000 / laundromat(03) / clean /    406.00000 para laundryshipping(05)
Mensaje D / 425:00:00:000 / laundryshipping(05) / 15:00:00:000 para laundromat(03)
Mensaje D / 425:00:00:000 / laundromat(03) / 15:00:00:000 para top(01)
Mensaje D / 425:00:00:000 / top(01) / 15:00:00:000 para Root(00)
Mensaje * / 440:00:00:000 / Root(00) para top(01)
Mensaje * / 440:00:00:000 / top(01) para laundromat(03)
Mensaje * / 440:00:00:000 / laundromat(03) para laundryshipping(05)
Mensaje Y / 440:00:00:000 / laundryshipping(05) / shipped /    500.00000 para laundromat(03)
Mensaje D / 440:00:00:000 / laundryshipping(05) / 24:00:00:000 para laundromat(03)
Mensaje Y / 440:00:00:000 / laundromat(03) / shipped /    500.00000 para top(01)
Mensaje D / 440:00:00:000 / laundromat(03) / 24:00:00:000 para top(01)
Mensaje Y / 440:00:00:000 / top(01) / shipped /    500.00000 para Root(00)
Mensaje X / 440:00:00:000 / top(01) / clean /    500.00000 para hospital(02)
Mensaje D / 440:00:00:000 / hospital(02) / 00:10:00:000 para top(01)
Mensaje D / 440:00:00:000 / top(01) / 00:10:00:000 para Root(00)
Mensaje * / 440:10:00:000 / Root(00) para top(01)
Mensaje * / 440:10:00:000 / top(01) para hospital(02)
Mensaje D / 440:10:00:000 / hospital(02) / 07:50:00:000 para top(01)
Mensaje D / 440:10:00:000 / top(01) / 07:50:00:000 para Root(00)
Mensaje * / 448:00:00:000 / Root(00) para top(01)
Mensaje * / 448:00:00:000 / top(01) para hospital(02)
Mensaje Y / 448:00:00:000 / hospital(02) / dirty /    240.00000 para top(01)
Mensaje D / 448:00:00:000 / hospital(02) / 16:10:00:000 para top(01)
Mensaje Y / 448:00:00:000 / top(01) / dirty /    240.00000 para Root(00)
Mensaje X / 448:00:00:000 / top(01) / dirty /    240.00000 para laundromat(03)
Mensaje X / 448:00:00:000 / laundromat(03) / dirty /    240.00000 para laundrycleaning(04)
Mensaje D / 448:00:00:000 / laundrycleaning(04) / 01:00:00:000 para laundromat(03)
Mensaje D / 448:00:00:000 / laundromat(03) / 01:00:00:000 para top(01)
Mensaje D / 448:00:00:000 / top(01) / 01:00:00:000 para Root(00)
Mensaje * / 449:00:00:000 / Root(00) para top(01)
Mensaje * / 449:00:00:000 / top(01) para laundromat(03)
Mensaje * / 449:00:00:000 / laundromat(03) para laundrycleaning(04)
Mensaje Y / 449:00:00:000 / laundrycleaning(04) / clean /    240.00000 para laundromat(03)
Mensaje D / 449:00:00:000 / laundrycleaning(04) / ... para laundromat(03)
Mensaje X / 449:00:00:000 / laundromat(03) / clean /    240.00000 para laundryshipping(05)
Mensaje D / 449:00:00:000 / laundryshipping(05) / 15:00:00:000 para laundromat(03)
Mensaje D / 449:00:00:000 / laundromat(03) / 15:00:00:000 para top(01)
Mensaje D / 449:00:00:000 / top(01) / 15:00:00:000 para Root(00)
Mensaje * / 464:00:00:000 / Root(00) para top(01)
Mensaje * / 464:00:00:000 / top(01) para laundromat(03)
Mensaje * / 464:00:00:000 / laundromat(03) para laundryshipping(05)
Mensaje Y / 464:00:00:000 / laundryshipping(05) / shipped /    500.00000 para laundromat(03)
Mensaje D / 464:00:00:000 / laundryshipping(05) / 24:00:00:000 para laundromat(03)
Mensaje Y / 464:00:00:000 / laundromat(03) / shipped /    500.00000 para top(01)
Mensaje D / 464:00:00:000 / laundromat(03) / 24:00:00:000 para top(01)
Mensaje Y / 464:00:00:000 / top(01) / shipped /    500.00000 para Root(00)
Mensaje X / 464:00:00:000 / top(01) / clean /    500.00000 para hospital(02)
Mensaje D / 464:00:00:000 / hospital(02) / 00:10:00:000 para top(01)
Mensaje D / 464:00:00:000 / top(01) / 00:10:00:000 para Root(00)
Mensaje * / 464:10:00:000 / Root(00) para top(01)
Mensaje * / 464:10:00:000 / top(01) para hospital(02)
Mensaje D / 464:10:00:000 / hospital(02) / 07:50:00:000 para top(01)
Mensaje D / 464:10:00:000 / top(01) / 07:50:00:000 para Root(00)
Mensaje * / 472:00:00:000 / Root(00) para top(01)
Mensaje * / 472:00:00:000 / top(01) para hospital(02)
Mensaje Y / 472:00:00:000 / hospital(02) / dirty /    383.00000 para top(01)
Mensaje D / 472:00:00:000 / hospital(02) / 16:10:00:000 para top(01)
Mensaje Y / 472:00:00:000 / top(01) / dirty /    383.00000 para Root(00)
Mensaje X / 472:00:00:000 / top(01) / dirty /    383.00000 para laundromat(03)
Mensaje X / 472:00:00:000 / laundromat(03) / dirty /    383.00000 para laundrycleaning(04)
Mensaje D / 472:00:00:000 / laundrycleaning(04) / 01:00:00:000 para laundromat(03)
Mensaje D / 472:00:00:000 / laundromat(03) / 01:00:00:000 para top(01)
Mensaje D / 472:00:00:000 / top(01) / 01:00:00:000 para Root(00)
Mensaje * / 473:00:00:000 / Root(00) para top(01)
Mensaje * / 473:00:00:000 / top(01) para laundromat(03)
Mensaje * / 473:00:00:000 / laundromat(03) para laundrycleaning(04)
Mensaje Y / 473:00:00:000 / laundrycleaning(04) / clean /    383.00000 para laundromat(03)
Mensaje D / 473:00:00:000 / laundrycleaning(04) / ... para laundromat(03)
Mensaje X / 473:00:00:000 / laundromat(03) / clean /    383.00000 para laundryshipping(05)
Mensaje D / 473:00:00:000 / laundryshipping(05) / 15:00:00:000 para laundromat(03)
Mensaje D / 473:00:00:000 / laundromat(03) / 15:00:00:000 para top(01)
Mensaje D / 473:00:00:000 / top(01) / 15:00:00:000 para Root(00)
